<?xml version="1.0" encoding="UTF-8"?>
<!-- Generated by org.testng.reporters.JUnitReportReporter -->
<testsuite hostname="DESKTOP-NLCRU2O" failures="0" tests="1" name="com.it.testng.LoginFunctionality" time="34.960" errors="0" timestamp="2021-03-24T16:24:57 IST" skipped="0">
  <testcase classname="com.it.testng.LoginFunctionality" name="login" time="34.960"/>
  <system-out/>
</testsuite> <!-- com.it.testng.LoginFunctionality -->
